
ROM used:   156/8192 (2%)
            156/8192 (2%) including unused fragments

            0.2 Average locations per line
            5.0 Average locations per statement

RAM used:   6/368 (2%) at main() level
            7/368 (2%) worst case

Stack used: 1 worst case (1 in main + 0 for interrupts)
Stack size: 8

Lines Stmts  %   Files
----- ----- ---  -----
   56    31 100  Motor_Bipolar.c
  661     0   0  ..\..\..\..\Program Files (x86)\PICC\Devices\16f877A.h
----- -----
  717    31 Total

Page ROM  %  RAM   Vol Diff  Functions:
---- --- --- ---   --- ----  ----------
0     21  13    1             @delay_ms1
0    131  84    1   737  3.9  main
 Inline         0             @cinit1

Program metrics:
    Functions               1
    Statements              31
    Comments                116
    Volume (V)              743
    Difficulty (D)          3.7
    Effort to implement (E) 2773
    Time to implement (T)   3 minutes
    Est Delivered Bugs (B)  0
    Cyclomatic Complexity   2
    Maintainability (MI)    39

 Segment     Used  Free
-----------  ----  ----
00000-00003     4  0  
00004-007FF   152  1892  
00800-00FFF     0  2048  
01000-017FF     0  2048  
01800-01FFF     0  2048  



