
ROM used:   444/8192 (5%)
            444/8192 (5%) including unused fragments

            0.6 Average locations per line
            4.7 Average locations per statement

RAM used:   6/368 (2%) at main() level
            7/368 (2%) worst case

Stack used: 1 worst case (1 in main + 0 for interrupts)
Stack size: 8

Lines Stmts  %   Files
----- ----- ---  -----
  133    95 100  Unipolar.c
  661     0   0  C:\Program Files (x86)\PICC\Devices\16f877A.h
----- -----
  794    95 Total

Page ROM  %  RAM   Vol Diff  Functions:
---- --- --- ---   --- ----  ----------
0     21   5    1             @delay_ms1
0    419  94    1  2882  4.0  main
 Inline         0             @cinit1

Program metrics:
    Functions               1
    Statements              95
    Comments                128
    Volume (V)              2888
    Difficulty (D)          3.9
    Effort to implement (E) 11303
    Time to implement (T)   10 minutes
    Est Delivered Bugs (B)  0
    Cyclomatic Complexity   4
    Maintainability (MI)    6

 Segment     Used  Free
-----------  ----  ----
00000-00003     4  0  
00004-007FF   440  1604  
00800-00FFF     0  2048  
01000-017FF     0  2048  
01800-01FFF     0  2048  



